<?xml version="1.0" encoding="UTF-8"?>
<!-- Generated by org.testng.reporters.JUnitReportReporter -->
<testsuite hostname="LAPTOP-7H80H57B" failures="0" tests="4" name="dataProvider.class1" time="0.019" errors="0" timestamp="2025-01-27T13:02:26 IST" skipped="0">
  <testcase classname="dataProvider.class1" name="test1" time="0.010"/>
  <testcase classname="dataProvider.class1" name="test1" time="0.003"/>
  <testcase classname="dataProvider.class1" name="test1" time="0.002"/>
  <testcase classname="dataProvider.class1" name="test1" time="0.004"/>
</testsuite> <!-- dataProvider.class1 -->
