<?xml version="1.0" encoding="UTF-8"?>
<!-- Generated by org.testng.reporters.JUnitReportReporter -->
<testsuite hostname="LAPTOP-7H80H57B" failures="0" tests="3" name="dataProvider_Pactice.NewTest" time="0.017" errors="0" timestamp="2025-07-05T01:30:08 IST" skipped="0">
  <testcase classname="dataProvider_Pactice.NewTest" name="test2" time="0.006"/>
  <testcase classname="dataProvider_Pactice.NewTest" name="test2" time="0.003"/>
  <testcase classname="dataProvider_Pactice.NewTest" name="test2" time="0.008"/>
</testsuite> <!-- dataProvider_Pactice.NewTest -->
