<?xml version="1.0" encoding="UTF-8"?>
<!-- Generated by org.testng.reporters.JUnitReportReporter -->
<testsuite hostname="LAPTOP-7H80H57B" failures="0" tests="1" name="Pages.Add_Employee_1" time="26.123" errors="0" timestamp="2025-08-04T23:13:19 IST" skipped="0">
  <testcase classname="Pages.Add_Employee_1" name="Add_emp" time="26.123"/>
</testsuite> <!-- Pages.Add_Employee_1 -->
