<?xml version="1.0" encoding="UTF-8"?>
<!-- Generated by org.testng.reporters.JUnitReportReporter -->
<testsuite hostname="LAPTOP-7H80H57B" failures="0" tests="1" name="Pages.Admin_AddUser_2" time="16.392" errors="0" timestamp="2025-07-31T23:31:30 IST" skipped="0">
  <testcase classname="Pages.Admin_AddUser_2" name="AddUser" time="16.392"/>
</testsuite> <!-- Pages.Admin_AddUser_2 -->
