<?xml version="1.0" encoding="UTF-8"?>
<!-- Generated by org.testng.reporters.JUnitReportReporter -->
<testsuite hostname="LAPTOP-7H80H57B" failures="0" tests="1" name="Pages.Admin_AddUser_1" time="13.289" errors="0" timestamp="2025-07-22T23:06:52 IST" skipped="0">
  <testcase classname="Pages.Admin_AddUser_1" name="AddUser" time="13.289"/>
</testsuite> <!-- Pages.Admin_AddUser_1 -->
