<?xml version="1.0" encoding="UTF-8"?>
<!-- Generated by org.testng.reporters.JUnitReportReporter -->
<testsuite hostname="LAPTOP-7H80H57B" failures="0" tests="1" name="testngDemo.NewTest2" time="0.011" errors="0" timestamp="2023-08-07T19:36:30 IST" skipped="0">
  <testcase classname="testngDemo.NewTest2" name="f" time="0.011"/>
</testsuite> <!-- testngDemo.NewTest2 -->
