<?xml version="1.0" encoding="UTF-8"?>
<!-- Generated by org.testng.reporters.JUnitReportReporter -->
<testsuite hostname="LAPTOP-7H80H57B" failures="0" tests="1" name="Pages.Delete_AddedUser" time="17.202" errors="0" timestamp="2025-07-29T22:46:44 IST" skipped="0">
  <testcase classname="Pages.Delete_AddedUser" name="mainMethod" time="17.202"/>
</testsuite> <!-- Pages.Delete_AddedUser -->
