<?xml version="1.0" encoding="UTF-8"?>
<!-- Generated by org.testng.reporters.JUnitReportReporter -->
<testsuite hostname="LAPTOP-7H80H57B" failures="0" tests="1" name="Pages.Add_Employee_2" time="10.956" errors="0" timestamp="2025-07-22T23:06:24 IST" skipped="0">
  <testcase classname="Pages.Add_Employee_2" name="Add_emp" time="10.956"/>
</testsuite> <!-- Pages.Add_Employee_2 -->
