<?xml version="1.0" encoding="UTF-8"?>
<!-- Generated by org.testng.reporters.JUnitReportReporter -->
<testsuite hostname="LAPTOP-7H80H57B" failures="0" tests="1" name="Pages_2.My_Info_page" time="4.054" errors="0" timestamp="2025-07-29T23:38:55 IST" skipped="0">
  <testcase classname="Pages_2.My_Info_page" name="Assign_Membership" time="4.054"/>
</testsuite> <!-- Pages_2.My_Info_page -->
