<?xml version="1.0" encoding="UTF-8"?>
<!-- Generated by org.testng.reporters.JUnitReportReporter -->
<testsuite hostname="LAPTOP-7H80H57B" failures="0" tests="1" name="Pages.Program2CssSelector" time="104.190" errors="0" timestamp="2025-07-05T01:42:49 IST" skipped="0">
  <testcase classname="Pages.Program2CssSelector" name="Method2" time="104.190"/>
</testsuite> <!-- Pages.Program2CssSelector -->
