<?xml version="1.0" encoding="UTF-8"?>
<!-- Generated by org.testng.reporters.JUnitReportReporter -->
<testsuite hostname="LAPTOP-7H80H57B" failures="0" tests="1" name="selenium_Locators.Program1" time="4.066" errors="0" timestamp="2025-07-01T23:06:11 IST" skipped="0">
  <testcase classname="selenium_Locators.Program1" name="Method1" time="4.066"/>
</testsuite> <!-- selenium_Locators.Program1 -->
