<?xml version="1.0" encoding="UTF-8"?>
<!-- Generated by org.testng.reporters.JUnitReportReporter -->
<testsuite hostname="LAPTOP-7H80H57B" failures="0" tests="1" name="Pages.After_AddUser_Login" time="12.758" errors="0" timestamp="2025-07-28T23:34:27 IST" skipped="0">
  <testcase classname="Pages.After_AddUser_Login" name="login" time="12.758"/>
</testsuite> <!-- Pages.After_AddUser_Login -->
