<?xml version="1.0" encoding="UTF-8"?>
<!-- Generated by org.testng.reporters.JUnitReportReporter -->
<testsuite hostname="LAPTOP-7H80H57B" failures="0" tests="2" name="dataProvider.Class3" time="125.502" errors="0" timestamp="2023-08-08T19:26:29 IST" skipped="0">
  <testcase classname="dataProvider.Class3" name="test4" time="109.124"/>
  <testcase classname="dataProvider.Class3" name="test3" time="16.378"/>
</testsuite> <!-- dataProvider.Class3 -->
