<?xml version="1.0" encoding="UTF-8"?>
<!-- Generated by org.testng.reporters.JUnitReportReporter -->
<testsuite hostname="LAPTOP-7H80H57B" failures="0" tests="1" name="Pages.Admin_AddUser" time="11.068" errors="0" timestamp="2025-07-13T16:30:47 IST" skipped="0">
  <testcase classname="Pages.Admin_AddUser" name="AddUser" time="11.068"/>
</testsuite> <!-- Pages.Admin_AddUser -->
