<?xml version="1.0" encoding="UTF-8"?>
<!-- Generated by org.testng.reporters.JUnitReportReporter -->
<testsuite hostname="LAPTOP-7H80H57B" failures="0" tests="3" name="dataProvider.NewTest" time="0.022" errors="0" timestamp="2025-01-27T13:07:19 IST" skipped="0">
  <testcase classname="dataProvider.NewTest" name="test2" time="0.010"/>
  <testcase classname="dataProvider.NewTest" name="test2" time="0.005"/>
  <testcase classname="dataProvider.NewTest" name="test2" time="0.007"/>
</testsuite> <!-- dataProvider.NewTest -->
