<?xml version="1.0" encoding="UTF-8"?>
<!-- Generated by org.testng.reporters.JUnitReportReporter -->
<testsuite hostname="LAPTOP-7H80H57B" failures="0" tests="1" name="Pages.Admin_AddUser_2" time="17.745" errors="0" timestamp="2025-07-28T23:33:21 IST" skipped="0">
  <testcase classname="Pages.Admin_AddUser_2" name="AddUser" time="17.745"/>
</testsuite> <!-- Pages.Admin_AddUser_2 -->
