<?xml version="1.0" encoding="UTF-8"?>
<!-- Generated by org.testng.reporters.JUnitReportReporter -->
<testsuite hostname="LAPTOP-7H80H57B" failures="0" tests="1" name="Pages.Delete_AddedUser" time="16.497" errors="0" timestamp="2025-07-25T00:13:49 IST" skipped="0">
  <testcase classname="Pages.Delete_AddedUser" name="mainMethod" time="16.497"/>
</testsuite> <!-- Pages.Delete_AddedUser -->
