<?xml version="1.0" encoding="UTF-8"?>
<!-- Generated by org.testng.reporters.JUnitReportReporter -->
<testsuite hostname="LAPTOP-7H80H57B" failures="0" tests="1" name="Pages.Admin_AddUser" time="13.581" errors="0" timestamp="2025-07-22T22:12:39 IST" skipped="0">
  <testcase classname="Pages.Admin_AddUser" name="AddUser" time="13.581"/>
</testsuite> <!-- Pages.Admin_AddUser -->
