<?xml version="1.0" encoding="UTF-8"?>
<!-- Generated by org.testng.reporters.JUnitReportReporter -->
<testsuite hostname="LAPTOP-7H80H57B" failures="0" tests="2" name="dataProvider.Class2" time="105.368" errors="0" timestamp="2023-08-08T19:26:29 IST" skipped="0">
  <testcase classname="dataProvider.Class2" name="test1" time="31.217"/>
  <testcase classname="dataProvider.Class2" name="test2" time="74.151"/>
</testsuite> <!-- dataProvider.Class2 -->
