<?xml version="1.0" encoding="UTF-8"?>
<!-- Generated by org.testng.reporters.JUnitReportReporter -->
<testsuite hostname="LAPTOP-7H80H57B" failures="0" tests="4" name="Pages_2.My_Info_page" time="18.805" errors="0" timestamp="2025-08-05T00:22:36 IST" skipped="0">
  <testcase classname="Pages_2.My_Info_page" name="Contact_Details" time="9.290"/>
  <testcase classname="Pages_2.My_Info_page" name="Assigned_Emergency_Contacts" time="1.999"/>
  <testcase classname="Pages_2.My_Info_page" name="Assign_Membership" time="1.865"/>
  <testcase classname="Pages_2.My_Info_page" name="Upload_Profile_Photo" time="5.651"/>
</testsuite> <!-- Pages_2.My_Info_page -->
