<?xml version="1.0" encoding="UTF-8"?>
<!-- Generated by org.testng.reporters.JUnitReportReporter -->
<testsuite hostname="LAPTOP-7H80H57B" failures="0" tests="1" name="selenium_Locators.Delete_InOut_Record" time="13.781" errors="0" timestamp="2025-07-05T01:11:45 IST" skipped="0">
  <testcase classname="selenium_Locators.Delete_InOut_Record" name="DRecord" time="13.781"/>
</testsuite> <!-- selenium_Locators.Delete_InOut_Record -->
