<?xml version="1.0" encoding="UTF-8"?>
<!-- Generated by org.testng.reporters.JUnitReportReporter -->
<testsuite hostname="LAPTOP-7H80H57B" failures="0" tests="1" name="testngDemo.demo1" time="0.017" errors="0" timestamp="2023-08-07T19:17:47 IST" skipped="0">
  <testcase classname="testngDemo.demo1" name="f" time="0.017"/>
</testsuite> <!-- testngDemo.demo1 -->
