<?xml version="1.0" encoding="UTF-8"?>
<!-- Generated by org.testng.reporters.JUnitReportReporter -->
<testsuite hostname="LAPTOP-7H80H57B" failures="0" tests="1" name="Pages.Admin_AddUser_2" time="18.910" errors="0" timestamp="2025-07-25T00:13:49 IST" skipped="0">
  <testcase classname="Pages.Admin_AddUser_2" name="AddUser" time="18.910"/>
</testsuite> <!-- Pages.Admin_AddUser_2 -->
