<?xml version="1.0" encoding="UTF-8"?>
<!-- Generated by org.testng.reporters.JUnitReportReporter -->
<testsuite hostname="LAPTOP-7H80H57B" failures="0" tests="1" name="Pages.Admin_AddUser_2" time="19.322" errors="0" timestamp="2025-07-24T22:51:37 IST" skipped="0">
  <testcase classname="Pages.Admin_AddUser_2" name="AddUser" time="19.322"/>
</testsuite> <!-- Pages.Admin_AddUser_2 -->
