<?xml version="1.0" encoding="UTF-8"?>
<!-- Generated by org.testng.reporters.JUnitReportReporter -->
<testsuite hostname="LAPTOP-7H80H57B" failures="0" tests="1" name="selenium_Locators.Program2CssSelector" time="103.877" errors="0" timestamp="2025-07-05T01:08:32 IST" skipped="0">
  <testcase classname="selenium_Locators.Program2CssSelector" name="Method2" time="103.877"/>
</testsuite> <!-- selenium_Locators.Program2CssSelector -->
