<?xml version="1.0" encoding="UTF-8"?>
<!-- Generated by org.testng.reporters.JUnitReportReporter -->
<testsuite hostname="LAPTOP-7H80H57B" failures="0" tests="1" name="testngDemo.NewTest" time="0.002" errors="0" timestamp="2023-08-07T19:36:30 IST" skipped="0">
  <testcase classname="testngDemo.NewTest" name="sushobhan" time="0.002"/>
</testsuite> <!-- testngDemo.NewTest -->
