<?xml version="1.0" encoding="UTF-8"?>
<!-- Generated by org.testng.reporters.JUnitReportReporter -->
<testsuite hostname="LAPTOP-7H80H57B" failures="0" tests="1" name="Pages.Admin_AddUser_2" time="19.472" errors="0" timestamp="2025-07-29T23:37:19 IST" skipped="0">
  <testcase classname="Pages.Admin_AddUser_2" name="AddUser" time="19.472"/>
</testsuite> <!-- Pages.Admin_AddUser_2 -->
