<?xml version="1.0" encoding="UTF-8"?>
<!-- Generated by org.testng.reporters.JUnitReportReporter -->
<testsuite hostname="LAPTOP-7H80H57B" failures="0" tests="4" name="Pages_2.My_Info_page" time="2.485" errors="0" timestamp="2025-07-28T23:58:00 IST" skipped="0">
  <testcase classname="Pages_2.My_Info_page" name="Contact_Details" time="2.479"/>
  <testcase classname="Pages_2.My_Info_page" name="Assigned_Emergency_Contacts" time="0.002"/>
  <testcase classname="Pages_2.My_Info_page" name="Assign_Membership" time="0.003"/>
  <testcase classname="Pages_2.My_Info_page" name="Upload_Profile_Photo" time="0.001"/>
</testsuite> <!-- Pages_2.My_Info_page -->
