<?xml version="1.0" encoding="UTF-8"?>
<!-- Generated by org.testng.reporters.JUnitReportReporter -->
<testsuite hostname="LAPTOP-7H80H57B" failures="0" tests="1" name="Pages.Add_Employee_1" time="20.554" errors="0" timestamp="2025-07-24T22:51:37 IST" skipped="0">
  <testcase classname="Pages.Add_Employee_1" name="Add_emp" time="20.554"/>
</testsuite> <!-- Pages.Add_Employee_1 -->
