<?xml version="1.0" encoding="UTF-8"?>
<!-- Generated by org.testng.reporters.JUnitReportReporter -->
<testsuite hostname="LAPTOP-7H80H57B" failures="0" tests="1" name="Pages_2.My_Info_page" time="7.972" errors="0" timestamp="2025-08-04T23:13:46 IST" skipped="0">
  <testcase classname="Pages_2.My_Info_page" name="Upload_Profile_Photo" time="7.972"/>
</testsuite> <!-- Pages_2.My_Info_page -->
